[0.324s] DEBUG:colcon:Command line arguments: ['/usr/bin/colcon', 'build']
[0.325s] DEBUG:colcon:Parsed command line arguments: Namespace(log_base=None, log_level=None, verb_name='build', build_base='build', install_base='install', merge_install=False, symlink_install=False, test_result_base=None, continue_on_error=False, executor='parallel', parallel_workers=16, event_handlers=None, ignore_user_meta=False, metas=['./colcon.meta'], base_paths=['.'], packages_ignore=None, packages_ignore_regex=None, paths=None, packages_up_to=None, packages_up_to_regex=None, packages_above=None, packages_above_and_dependencies=None, packages_above_depth=None, packages_select_by_dep=None, packages_skip_by_dep=None, packages_skip_up_to=None, packages_select_build_failed=False, packages_skip_build_finished=False, packages_select_test_failures=False, packages_skip_test_passed=False, packages_select=None, packages_skip=None, packages_select_regex=None, packages_skip_regex=None, packages_start=None, packages_end=None, allow_overriding=[], cmake_args=None, cmake_target=None, cmake_target_skip_unavailable=False, cmake_clean_cache=False, cmake_clean_first=False, cmake_force_configure=False, ament_cmake_args=None, catkin_cmake_args=None, catkin_skip_building_tests=False, mixin_files=None, mixin=None, verb_parser=<colcon_mixin.mixin.mixin_argument.MixinArgumentDecorator object at 0x750f5cfaef00>, verb_extension=<colcon_core.verb.build.BuildVerb object at 0x750f5d0d31d0>, main=<bound method BuildVerb.main of <colcon_core.verb.build.BuildVerb object at 0x750f5d0d31d0>>, mixin_verb=('build',))
[0.428s] Level 1:colcon.colcon_core.package_discovery:discover_packages(colcon_meta) check parameters
[0.428s] Level 1:colcon.colcon_core.package_discovery:discover_packages(recursive) check parameters
[0.429s] Level 1:colcon.colcon_core.package_discovery:discover_packages(ignore) check parameters
[0.429s] Level 1:colcon.colcon_core.package_discovery:discover_packages(path) check parameters
[0.429s] Level 1:colcon.colcon_core.package_discovery:discover_packages(colcon_meta) discover
[0.429s] Level 1:colcon.colcon_core.package_discovery:discover_packages(recursive) discover
[0.429s] INFO:colcon.colcon_core.package_discovery:Crawling recursively for packages in '/home/matthew_a/unilidar_sdk2/unitree_lidar_ros2'
[0.429s] Level 1:colcon.colcon_core.package_identification:_identify(.) by extensions ['ignore', 'ignore_ament_install']
[0.429s] Level 1:colcon.colcon_core.package_identification:_identify(.) by extension 'ignore'
[0.429s] Level 1:colcon.colcon_core.package_identification:_identify(.) by extension 'ignore_ament_install'
[0.430s] Level 1:colcon.colcon_core.package_identification:_identify(.) by extensions ['colcon_pkg']
[0.430s] Level 1:colcon.colcon_core.package_identification:_identify(.) by extension 'colcon_pkg'
[0.430s] Level 1:colcon.colcon_core.package_identification:_identify(.) by extensions ['colcon_meta']
[0.430s] Level 1:colcon.colcon_core.package_identification:_identify(.) by extension 'colcon_meta'
[0.430s] Level 1:colcon.colcon_core.package_identification:_identify(.) by extensions ['ros']
[0.430s] Level 1:colcon.colcon_core.package_identification:_identify(.) by extension 'ros'
[0.491s] Level 1:colcon.colcon_core.package_identification:_identify(.) by extensions ['cmake', 'python']
[0.491s] Level 1:colcon.colcon_core.package_identification:_identify(.) by extension 'cmake'
[0.491s] Level 1:colcon.colcon_core.package_identification:_identify(.) by extension 'python'
[0.491s] Level 1:colcon.colcon_core.package_identification:_identify(.) by extensions ['python_setup_py']
[0.491s] Level 1:colcon.colcon_core.package_identification:_identify(.) by extension 'python_setup_py'
[0.491s] Level 1:colcon.colcon_core.package_identification:_identify(build) by extensions ['ignore', 'ignore_ament_install']
[0.492s] Level 1:colcon.colcon_core.package_identification:_identify(build) by extension 'ignore'
[0.492s] Level 1:colcon.colcon_core.package_identification:_identify(build) ignored
[0.492s] Level 1:colcon.colcon_core.package_identification:_identify(install) by extensions ['ignore', 'ignore_ament_install']
[0.492s] Level 1:colcon.colcon_core.package_identification:_identify(install) by extension 'ignore'
[0.492s] Level 1:colcon.colcon_core.package_identification:_identify(install) ignored
[0.493s] Level 1:colcon.colcon_core.package_identification:_identify(log) by extensions ['ignore', 'ignore_ament_install']
[0.493s] Level 1:colcon.colcon_core.package_identification:_identify(log) by extension 'ignore'
[0.493s] Level 1:colcon.colcon_core.package_identification:_identify(log) ignored
[0.493s] Level 1:colcon.colcon_core.package_identification:_identify(src) by extensions ['ignore', 'ignore_ament_install']
[0.493s] Level 1:colcon.colcon_core.package_identification:_identify(src) by extension 'ignore'
[0.494s] Level 1:colcon.colcon_core.package_identification:_identify(src) by extension 'ignore_ament_install'
[0.494s] Level 1:colcon.colcon_core.package_identification:_identify(src) by extensions ['colcon_pkg']
[0.494s] Level 1:colcon.colcon_core.package_identification:_identify(src) by extension 'colcon_pkg'
[0.494s] Level 1:colcon.colcon_core.package_identification:_identify(src) by extensions ['colcon_meta']
[0.494s] Level 1:colcon.colcon_core.package_identification:_identify(src) by extension 'colcon_meta'
[0.494s] Level 1:colcon.colcon_core.package_identification:_identify(src) by extensions ['ros']
[0.494s] Level 1:colcon.colcon_core.package_identification:_identify(src) by extension 'ros'
[0.494s] Level 1:colcon.colcon_core.package_identification:_identify(src) by extensions ['cmake', 'python']
[0.494s] Level 1:colcon.colcon_core.package_identification:_identify(src) by extension 'cmake'
[0.494s] Level 1:colcon.colcon_core.package_identification:_identify(src) by extension 'python'
[0.495s] Level 1:colcon.colcon_core.package_identification:_identify(src) by extensions ['python_setup_py']
[0.495s] Level 1:colcon.colcon_core.package_identification:_identify(src) by extension 'python_setup_py'
[0.495s] Level 1:colcon.colcon_core.package_identification:_identify(src/unitree_lidar_ros2) by extensions ['ignore', 'ignore_ament_install']
[0.495s] Level 1:colcon.colcon_core.package_identification:_identify(src/unitree_lidar_ros2) by extension 'ignore'
[0.495s] Level 1:colcon.colcon_core.package_identification:_identify(src/unitree_lidar_ros2) by extension 'ignore_ament_install'
[0.495s] Level 1:colcon.colcon_core.package_identification:_identify(src/unitree_lidar_ros2) by extensions ['colcon_pkg']
[0.495s] Level 1:colcon.colcon_core.package_identification:_identify(src/unitree_lidar_ros2) by extension 'colcon_pkg'
[0.495s] Level 1:colcon.colcon_core.package_identification:_identify(src/unitree_lidar_ros2) by extensions ['colcon_meta']
[0.496s] Level 1:colcon.colcon_core.package_identification:_identify(src/unitree_lidar_ros2) by extension 'colcon_meta'
[0.496s] Level 1:colcon.colcon_core.package_identification:_identify(src/unitree_lidar_ros2) by extensions ['ros']
[0.496s] Level 1:colcon.colcon_core.package_identification:_identify(src/unitree_lidar_ros2) by extension 'ros'
[0.501s] DEBUG:colcon.colcon_core.package_identification:Package 'src/unitree_lidar_ros2' with type 'ros.ament_cmake' and name 'unitree_lidar_ros2'
[0.502s] Level 1:colcon.colcon_core.package_discovery:discover_packages(recursive) using defaults
[0.502s] Level 1:colcon.colcon_core.package_discovery:discover_packages(ignore) discover
[0.502s] Level 1:colcon.colcon_core.package_discovery:discover_packages(ignore) using defaults
[0.502s] Level 1:colcon.colcon_core.package_discovery:discover_packages(path) discover
[0.502s] Level 1:colcon.colcon_core.package_discovery:discover_packages(path) using defaults
[0.562s] Level 1:colcon.colcon_core.package_discovery:discover_packages(prefix_path) check parameters
[0.562s] Level 1:colcon.colcon_core.package_discovery:discover_packages(prefix_path) discover
[0.590s] DEBUG:colcon.colcon_installed_package_information.package_discovery:Found 175 installed packages in /home/matthew_a/workspace/install
[0.592s] DEBUG:colcon.colcon_installed_package_information.package_discovery:Found 99 installed packages in /opt/ros/rolling
[0.602s] Level 1:colcon.colcon_core.package_discovery:discover_packages(prefix_path) using defaults
[0.666s] Level 5:colcon.colcon_core.verb:set package 'unitree_lidar_ros2' build argument 'cmake_args' from command line to 'None'
[0.666s] Level 5:colcon.colcon_core.verb:set package 'unitree_lidar_ros2' build argument 'cmake_target' from command line to 'None'
[0.666s] Level 5:colcon.colcon_core.verb:set package 'unitree_lidar_ros2' build argument 'cmake_target_skip_unavailable' from command line to 'False'
[0.666s] Level 5:colcon.colcon_core.verb:set package 'unitree_lidar_ros2' build argument 'cmake_clean_cache' from command line to 'False'
[0.666s] Level 5:colcon.colcon_core.verb:set package 'unitree_lidar_ros2' build argument 'cmake_clean_first' from command line to 'False'
[0.666s] Level 5:colcon.colcon_core.verb:set package 'unitree_lidar_ros2' build argument 'cmake_force_configure' from command line to 'False'
[0.666s] Level 5:colcon.colcon_core.verb:set package 'unitree_lidar_ros2' build argument 'ament_cmake_args' from command line to 'None'
[0.666s] Level 5:colcon.colcon_core.verb:set package 'unitree_lidar_ros2' build argument 'catkin_cmake_args' from command line to 'None'
[0.666s] Level 5:colcon.colcon_core.verb:set package 'unitree_lidar_ros2' build argument 'catkin_skip_building_tests' from command line to 'False'
[0.666s] DEBUG:colcon.colcon_core.verb:Building package 'unitree_lidar_ros2' with the following arguments: {'ament_cmake_args': None, 'build_base': '/home/matthew_a/unilidar_sdk2/unitree_lidar_ros2/build/unitree_lidar_ros2', 'catkin_cmake_args': None, 'catkin_skip_building_tests': False, 'cmake_args': None, 'cmake_clean_cache': False, 'cmake_clean_first': False, 'cmake_force_configure': False, 'cmake_target': None, 'cmake_target_skip_unavailable': False, 'install_base': '/home/matthew_a/unilidar_sdk2/unitree_lidar_ros2/install/unitree_lidar_ros2', 'merge_install': False, 'path': '/home/matthew_a/unilidar_sdk2/unitree_lidar_ros2/src/unitree_lidar_ros2', 'symlink_install': False, 'test_result_base': None}
[0.666s] INFO:colcon.colcon_core.executor:Executing jobs using 'parallel' executor
[0.668s] DEBUG:colcon.colcon_parallel_executor.executor.parallel:run_until_complete
[0.668s] INFO:colcon.colcon_ros.task.ament_cmake.build:Building ROS package in '/home/matthew_a/unilidar_sdk2/unitree_lidar_ros2/src/unitree_lidar_ros2' with build type 'ament_cmake'
[0.669s] INFO:colcon.colcon_cmake.task.cmake.build:Building CMake package in '/home/matthew_a/unilidar_sdk2/unitree_lidar_ros2/src/unitree_lidar_ros2'
[0.677s] INFO:colcon.colcon_core.plugin_system:Skipping extension 'colcon_core.shell.bat': Not used on non-Windows systems
[0.677s] INFO:colcon.colcon_core.shell:Skip shell extension 'powershell' for command environment: Not usable outside of PowerShell
[0.677s] DEBUG:colcon.colcon_core.shell:Skip shell extension 'dsv' for command environment
[0.724s] DEBUG:colcon.colcon_core.event_handler.log_command:Invoking command in '/home/matthew_a/unilidar_sdk2/unitree_lidar_ros2/build/unitree_lidar_ros2': CMAKE_PREFIX_PATH=${CMAKE_PREFIX_PATH}:/opt/ros/rolling:/home/matthew_a/workspace/install/sros2:/home/matthew_a/workspace/install/ros2topic:/home/matthew_a/workspace/install/ros2test:/home/matthew_a/workspace/install/ros2component:/home/matthew_a/workspace/install/ros2param:/home/matthew_a/workspace/install/ros2lifecycle:/home/matthew_a/workspace/install/ros2service:/home/matthew_a/workspace/install/ros2run:/home/matthew_a/workspace/install/ros2launch:/home/matthew_a/workspace/install/ros2pkg:/home/matthew_a/workspace/install/ros2node:/home/matthew_a/workspace/install/ros2multicast:/home/matthew_a/workspace/install/ros2interface:/home/matthew_a/workspace/install/ros2doctor:/home/matthew_a/workspace/install/ros2action:/home/matthew_a/workspace/install/ros2cli:/home/matthew_a/workspace/install/launch_testing_ros:/home/matthew_a/workspace/install/launch_ros:/home/matthew_a/workspace/install/ament_uncrustify:/home/matthew_a/workspace/install/rpyutils:/home/matthew_a/workspace/install/rosidl_runtime_py:/home/matthew_a/workspace/install/rosidl_pycommon:/home/matthew_a/workspace/install/rosidl_cli:/home/matthew_a/workspace/install/launch_testing:/home/matthew_a/workspace/install/launch_yaml:/home/matthew_a/workspace/install/launch_xml:/home/matthew_a/workspace/install/launch:/home/matthew_a/workspace/install/osrf_pycommon:/home/matthew_a/workspace/install/domain_coordinator:/home/matthew_a/workspace/install/ament_xmllint:/home/matthew_a/workspace/install/ament_pycodestyle:/home/matthew_a/workspace/install/ament_pep257:/home/matthew_a/workspace/install/ament_package:/home/matthew_a/workspace/install/ament_mypy:/home/matthew_a/workspace/install/ament_lint_cmake:/home/matthew_a/workspace/install/ament_flake8:/home/matthew_a/workspace/install/ament_copyright:/home/matthew_a/workspace/install/ament_lint:/home/matthew_a/workspace/install/ament_index_python:/home/matthew_a/workspace/install/ament_cpplint:/home/matthew_a/workspace/install/ament_cppcheck DEBUGINFOD_URLS=https://debuginfod.ubuntu.com /usr/bin/cmake --build /home/matthew_a/unilidar_sdk2/unitree_lidar_ros2/build/unitree_lidar_ros2 -- -j16 -l16
[10.944s] DEBUG:colcon.colcon_core.event_handler.log_command:Invoked command in '/home/matthew_a/unilidar_sdk2/unitree_lidar_ros2/build/unitree_lidar_ros2' returned '0': CMAKE_PREFIX_PATH=${CMAKE_PREFIX_PATH}:/opt/ros/rolling:/home/matthew_a/workspace/install/sros2:/home/matthew_a/workspace/install/ros2topic:/home/matthew_a/workspace/install/ros2test:/home/matthew_a/workspace/install/ros2component:/home/matthew_a/workspace/install/ros2param:/home/matthew_a/workspace/install/ros2lifecycle:/home/matthew_a/workspace/install/ros2service:/home/matthew_a/workspace/install/ros2run:/home/matthew_a/workspace/install/ros2launch:/home/matthew_a/workspace/install/ros2pkg:/home/matthew_a/workspace/install/ros2node:/home/matthew_a/workspace/install/ros2multicast:/home/matthew_a/workspace/install/ros2interface:/home/matthew_a/workspace/install/ros2doctor:/home/matthew_a/workspace/install/ros2action:/home/matthew_a/workspace/install/ros2cli:/home/matthew_a/workspace/install/launch_testing_ros:/home/matthew_a/workspace/install/launch_ros:/home/matthew_a/workspace/install/ament_uncrustify:/home/matthew_a/workspace/install/rpyutils:/home/matthew_a/workspace/install/rosidl_runtime_py:/home/matthew_a/workspace/install/rosidl_pycommon:/home/matthew_a/workspace/install/rosidl_cli:/home/matthew_a/workspace/install/launch_testing:/home/matthew_a/workspace/install/launch_yaml:/home/matthew_a/workspace/install/launch_xml:/home/matthew_a/workspace/install/launch:/home/matthew_a/workspace/install/osrf_pycommon:/home/matthew_a/workspace/install/domain_coordinator:/home/matthew_a/workspace/install/ament_xmllint:/home/matthew_a/workspace/install/ament_pycodestyle:/home/matthew_a/workspace/install/ament_pep257:/home/matthew_a/workspace/install/ament_package:/home/matthew_a/workspace/install/ament_mypy:/home/matthew_a/workspace/install/ament_lint_cmake:/home/matthew_a/workspace/install/ament_flake8:/home/matthew_a/workspace/install/ament_copyright:/home/matthew_a/workspace/install/ament_lint:/home/matthew_a/workspace/install/ament_index_python:/home/matthew_a/workspace/install/ament_cpplint:/home/matthew_a/workspace/install/ament_cppcheck DEBUGINFOD_URLS=https://debuginfod.ubuntu.com /usr/bin/cmake --build /home/matthew_a/unilidar_sdk2/unitree_lidar_ros2/build/unitree_lidar_ros2 -- -j16 -l16
[10.965s] DEBUG:colcon.colcon_core.event_handler.log_command:Invoking command in '/home/matthew_a/unilidar_sdk2/unitree_lidar_ros2/build/unitree_lidar_ros2': CMAKE_PREFIX_PATH=${CMAKE_PREFIX_PATH}:/opt/ros/rolling:/home/matthew_a/workspace/install/sros2:/home/matthew_a/workspace/install/ros2topic:/home/matthew_a/workspace/install/ros2test:/home/matthew_a/workspace/install/ros2component:/home/matthew_a/workspace/install/ros2param:/home/matthew_a/workspace/install/ros2lifecycle:/home/matthew_a/workspace/install/ros2service:/home/matthew_a/workspace/install/ros2run:/home/matthew_a/workspace/install/ros2launch:/home/matthew_a/workspace/install/ros2pkg:/home/matthew_a/workspace/install/ros2node:/home/matthew_a/workspace/install/ros2multicast:/home/matthew_a/workspace/install/ros2interface:/home/matthew_a/workspace/install/ros2doctor:/home/matthew_a/workspace/install/ros2action:/home/matthew_a/workspace/install/ros2cli:/home/matthew_a/workspace/install/launch_testing_ros:/home/matthew_a/workspace/install/launch_ros:/home/matthew_a/workspace/install/ament_uncrustify:/home/matthew_a/workspace/install/rpyutils:/home/matthew_a/workspace/install/rosidl_runtime_py:/home/matthew_a/workspace/install/rosidl_pycommon:/home/matthew_a/workspace/install/rosidl_cli:/home/matthew_a/workspace/install/launch_testing:/home/matthew_a/workspace/install/launch_yaml:/home/matthew_a/workspace/install/launch_xml:/home/matthew_a/workspace/install/launch:/home/matthew_a/workspace/install/osrf_pycommon:/home/matthew_a/workspace/install/domain_coordinator:/home/matthew_a/workspace/install/ament_xmllint:/home/matthew_a/workspace/install/ament_pycodestyle:/home/matthew_a/workspace/install/ament_pep257:/home/matthew_a/workspace/install/ament_package:/home/matthew_a/workspace/install/ament_mypy:/home/matthew_a/workspace/install/ament_lint_cmake:/home/matthew_a/workspace/install/ament_flake8:/home/matthew_a/workspace/install/ament_copyright:/home/matthew_a/workspace/install/ament_lint:/home/matthew_a/workspace/install/ament_index_python:/home/matthew_a/workspace/install/ament_cpplint:/home/matthew_a/workspace/install/ament_cppcheck DEBUGINFOD_URLS=https://debuginfod.ubuntu.com /usr/bin/cmake --install /home/matthew_a/unilidar_sdk2/unitree_lidar_ros2/build/unitree_lidar_ros2
[10.987s] Level 1:colcon.colcon_core.environment:create_environment_scripts_only(unitree_lidar_ros2)
[10.987s] DEBUG:colcon.colcon_core.event_handler.log_command:Invoked command in '/home/matthew_a/unilidar_sdk2/unitree_lidar_ros2/build/unitree_lidar_ros2' returned '0': CMAKE_PREFIX_PATH=${CMAKE_PREFIX_PATH}:/opt/ros/rolling:/home/matthew_a/workspace/install/sros2:/home/matthew_a/workspace/install/ros2topic:/home/matthew_a/workspace/install/ros2test:/home/matthew_a/workspace/install/ros2component:/home/matthew_a/workspace/install/ros2param:/home/matthew_a/workspace/install/ros2lifecycle:/home/matthew_a/workspace/install/ros2service:/home/matthew_a/workspace/install/ros2run:/home/matthew_a/workspace/install/ros2launch:/home/matthew_a/workspace/install/ros2pkg:/home/matthew_a/workspace/install/ros2node:/home/matthew_a/workspace/install/ros2multicast:/home/matthew_a/workspace/install/ros2interface:/home/matthew_a/workspace/install/ros2doctor:/home/matthew_a/workspace/install/ros2action:/home/matthew_a/workspace/install/ros2cli:/home/matthew_a/workspace/install/launch_testing_ros:/home/matthew_a/workspace/install/launch_ros:/home/matthew_a/workspace/install/ament_uncrustify:/home/matthew_a/workspace/install/rpyutils:/home/matthew_a/workspace/install/rosidl_runtime_py:/home/matthew_a/workspace/install/rosidl_pycommon:/home/matthew_a/workspace/install/rosidl_cli:/home/matthew_a/workspace/install/launch_testing:/home/matthew_a/workspace/install/launch_yaml:/home/matthew_a/workspace/install/launch_xml:/home/matthew_a/workspace/install/launch:/home/matthew_a/workspace/install/osrf_pycommon:/home/matthew_a/workspace/install/domain_coordinator:/home/matthew_a/workspace/install/ament_xmllint:/home/matthew_a/workspace/install/ament_pycodestyle:/home/matthew_a/workspace/install/ament_pep257:/home/matthew_a/workspace/install/ament_package:/home/matthew_a/workspace/install/ament_mypy:/home/matthew_a/workspace/install/ament_lint_cmake:/home/matthew_a/workspace/install/ament_flake8:/home/matthew_a/workspace/install/ament_copyright:/home/matthew_a/workspace/install/ament_lint:/home/matthew_a/workspace/install/ament_index_python:/home/matthew_a/workspace/install/ament_cpplint:/home/matthew_a/workspace/install/ament_cppcheck DEBUGINFOD_URLS=https://debuginfod.ubuntu.com /usr/bin/cmake --install /home/matthew_a/unilidar_sdk2/unitree_lidar_ros2/build/unitree_lidar_ros2
[10.991s] Level 1:colcon.colcon_core.environment:checking '/home/matthew_a/unilidar_sdk2/unitree_lidar_ros2/install/unitree_lidar_ros2' for CMake module files
[10.992s] Level 1:colcon.colcon_core.environment:checking '/home/matthew_a/unilidar_sdk2/unitree_lidar_ros2/install/unitree_lidar_ros2' for CMake config files
[10.992s] Level 1:colcon.colcon_core.shell:create_environment_hook('unitree_lidar_ros2', 'cmake_prefix_path')
[10.992s] INFO:colcon.colcon_core.shell:Creating environment hook '/home/matthew_a/unilidar_sdk2/unitree_lidar_ros2/install/unitree_lidar_ros2/share/unitree_lidar_ros2/hook/cmake_prefix_path.ps1'
[10.993s] INFO:colcon.colcon_core.shell:Creating environment descriptor '/home/matthew_a/unilidar_sdk2/unitree_lidar_ros2/install/unitree_lidar_ros2/share/unitree_lidar_ros2/hook/cmake_prefix_path.dsv'
[10.994s] INFO:colcon.colcon_core.shell:Creating environment hook '/home/matthew_a/unilidar_sdk2/unitree_lidar_ros2/install/unitree_lidar_ros2/share/unitree_lidar_ros2/hook/cmake_prefix_path.sh'
[10.994s] Level 1:colcon.colcon_core.environment:checking '/home/matthew_a/unilidar_sdk2/unitree_lidar_ros2/install/unitree_lidar_ros2/lib'
[10.995s] Level 1:colcon.colcon_core.environment:checking '/home/matthew_a/unilidar_sdk2/unitree_lidar_ros2/install/unitree_lidar_ros2/bin'
[10.995s] Level 1:colcon.colcon_core.environment:checking '/home/matthew_a/unilidar_sdk2/unitree_lidar_ros2/install/unitree_lidar_ros2/lib/pkgconfig/unitree_lidar_ros2.pc'
[10.995s] Level 1:colcon.colcon_core.environment:checking '/home/matthew_a/unilidar_sdk2/unitree_lidar_ros2/install/unitree_lidar_ros2/lib/python3.12/site-packages'
[10.995s] Level 1:colcon.colcon_core.environment:checking '/home/matthew_a/unilidar_sdk2/unitree_lidar_ros2/install/unitree_lidar_ros2/bin'
[10.995s] INFO:colcon.colcon_core.shell:Creating package script '/home/matthew_a/unilidar_sdk2/unitree_lidar_ros2/install/unitree_lidar_ros2/share/unitree_lidar_ros2/package.ps1'
[10.996s] INFO:colcon.colcon_core.shell:Creating package descriptor '/home/matthew_a/unilidar_sdk2/unitree_lidar_ros2/install/unitree_lidar_ros2/share/unitree_lidar_ros2/package.dsv'
[10.997s] INFO:colcon.colcon_core.shell:Creating package script '/home/matthew_a/unilidar_sdk2/unitree_lidar_ros2/install/unitree_lidar_ros2/share/unitree_lidar_ros2/package.sh'
[10.998s] INFO:colcon.colcon_core.shell:Creating package script '/home/matthew_a/unilidar_sdk2/unitree_lidar_ros2/install/unitree_lidar_ros2/share/unitree_lidar_ros2/package.bash'
[10.999s] INFO:colcon.colcon_core.shell:Creating package script '/home/matthew_a/unilidar_sdk2/unitree_lidar_ros2/install/unitree_lidar_ros2/share/unitree_lidar_ros2/package.zsh'
[10.999s] Level 1:colcon.colcon_core.environment:create_file_with_runtime_dependencies(/home/matthew_a/unilidar_sdk2/unitree_lidar_ros2/install/unitree_lidar_ros2/share/colcon-core/packages/unitree_lidar_ros2)
[11.000s] Level 1:colcon.colcon_core.environment:create_environment_scripts_only(unitree_lidar_ros2)
[11.000s] Level 1:colcon.colcon_core.environment:checking '/home/matthew_a/unilidar_sdk2/unitree_lidar_ros2/install/unitree_lidar_ros2' for CMake module files
[11.001s] Level 1:colcon.colcon_core.environment:checking '/home/matthew_a/unilidar_sdk2/unitree_lidar_ros2/install/unitree_lidar_ros2' for CMake config files
[11.001s] Level 1:colcon.colcon_core.shell:create_environment_hook('unitree_lidar_ros2', 'cmake_prefix_path')
[11.001s] INFO:colcon.colcon_core.shell:Creating environment hook '/home/matthew_a/unilidar_sdk2/unitree_lidar_ros2/install/unitree_lidar_ros2/share/unitree_lidar_ros2/hook/cmake_prefix_path.ps1'
[11.001s] INFO:colcon.colcon_core.shell:Creating environment descriptor '/home/matthew_a/unilidar_sdk2/unitree_lidar_ros2/install/unitree_lidar_ros2/share/unitree_lidar_ros2/hook/cmake_prefix_path.dsv'
[11.002s] INFO:colcon.colcon_core.shell:Creating environment hook '/home/matthew_a/unilidar_sdk2/unitree_lidar_ros2/install/unitree_lidar_ros2/share/unitree_lidar_ros2/hook/cmake_prefix_path.sh'
[11.002s] Level 1:colcon.colcon_core.environment:checking '/home/matthew_a/unilidar_sdk2/unitree_lidar_ros2/install/unitree_lidar_ros2/lib'
[11.003s] Level 1:colcon.colcon_core.environment:checking '/home/matthew_a/unilidar_sdk2/unitree_lidar_ros2/install/unitree_lidar_ros2/bin'
[11.003s] Level 1:colcon.colcon_core.environment:checking '/home/matthew_a/unilidar_sdk2/unitree_lidar_ros2/install/unitree_lidar_ros2/lib/pkgconfig/unitree_lidar_ros2.pc'
[11.003s] Level 1:colcon.colcon_core.environment:checking '/home/matthew_a/unilidar_sdk2/unitree_lidar_ros2/install/unitree_lidar_ros2/lib/python3.12/site-packages'
[11.003s] Level 1:colcon.colcon_core.environment:checking '/home/matthew_a/unilidar_sdk2/unitree_lidar_ros2/install/unitree_lidar_ros2/bin'
[11.003s] INFO:colcon.colcon_core.shell:Creating package script '/home/matthew_a/unilidar_sdk2/unitree_lidar_ros2/install/unitree_lidar_ros2/share/unitree_lidar_ros2/package.ps1'
[11.004s] INFO:colcon.colcon_core.shell:Creating package descriptor '/home/matthew_a/unilidar_sdk2/unitree_lidar_ros2/install/unitree_lidar_ros2/share/unitree_lidar_ros2/package.dsv'
[11.005s] INFO:colcon.colcon_core.shell:Creating package script '/home/matthew_a/unilidar_sdk2/unitree_lidar_ros2/install/unitree_lidar_ros2/share/unitree_lidar_ros2/package.sh'
[11.005s] INFO:colcon.colcon_core.shell:Creating package script '/home/matthew_a/unilidar_sdk2/unitree_lidar_ros2/install/unitree_lidar_ros2/share/unitree_lidar_ros2/package.bash'
[11.006s] INFO:colcon.colcon_core.shell:Creating package script '/home/matthew_a/unilidar_sdk2/unitree_lidar_ros2/install/unitree_lidar_ros2/share/unitree_lidar_ros2/package.zsh'
[11.006s] Level 1:colcon.colcon_core.environment:create_file_with_runtime_dependencies(/home/matthew_a/unilidar_sdk2/unitree_lidar_ros2/install/unitree_lidar_ros2/share/colcon-core/packages/unitree_lidar_ros2)
[11.006s] DEBUG:colcon.colcon_parallel_executor.executor.parallel:closing loop
[11.006s] DEBUG:colcon.colcon_parallel_executor.executor.parallel:loop closed
[11.007s] DEBUG:colcon.colcon_parallel_executor.executor.parallel:run_until_complete finished with '0'
[11.007s] DEBUG:colcon.colcon_core.event_reactor:joining thread
[11.017s] INFO:colcon.colcon_core.plugin_system:Skipping extension 'colcon_notification.desktop_notification.terminal_notifier': Not used on non-Darwin systems
[11.017s] INFO:colcon.colcon_core.plugin_system:Skipping extension 'colcon_notification.desktop_notification.win32': Not used on non-Windows systems
[11.017s] INFO:colcon.colcon_notification.desktop_notification:Sending desktop notification using 'notify2'
[11.033s] DEBUG:colcon.colcon_core.event_reactor:joined thread
[11.033s] INFO:colcon.colcon_core.shell:Creating prefix script '/home/matthew_a/unilidar_sdk2/unitree_lidar_ros2/install/local_setup.ps1'
[11.034s] INFO:colcon.colcon_core.shell:Creating prefix util module '/home/matthew_a/unilidar_sdk2/unitree_lidar_ros2/install/_local_setup_util_ps1.py'
[11.035s] INFO:colcon.colcon_core.shell:Creating prefix chain script '/home/matthew_a/unilidar_sdk2/unitree_lidar_ros2/install/setup.ps1'
[11.043s] INFO:colcon.colcon_core.shell:Creating prefix script '/home/matthew_a/unilidar_sdk2/unitree_lidar_ros2/install/local_setup.sh'
[11.044s] INFO:colcon.colcon_core.shell:Creating prefix util module '/home/matthew_a/unilidar_sdk2/unitree_lidar_ros2/install/_local_setup_util_sh.py'
[11.044s] INFO:colcon.colcon_core.shell:Creating prefix chain script '/home/matthew_a/unilidar_sdk2/unitree_lidar_ros2/install/setup.sh'
[11.052s] INFO:colcon.colcon_core.shell:Creating prefix script '/home/matthew_a/unilidar_sdk2/unitree_lidar_ros2/install/local_setup.bash'
[11.053s] INFO:colcon.colcon_core.shell:Creating prefix chain script '/home/matthew_a/unilidar_sdk2/unitree_lidar_ros2/install/setup.bash'
[11.060s] INFO:colcon.colcon_core.shell:Creating prefix script '/home/matthew_a/unilidar_sdk2/unitree_lidar_ros2/install/local_setup.zsh'
[11.061s] INFO:colcon.colcon_core.shell:Creating prefix chain script '/home/matthew_a/unilidar_sdk2/unitree_lidar_ros2/install/setup.zsh'
