[0.055s] Invoking command in '/home/matthew_a/unilidar_sdk2/unitree_lidar_ros2/build/unitree_lidar_ros2': CMAKE_PREFIX_PATH=${CMAKE_PREFIX_PATH}:/home/matthew_a/workspace/install/sros2:/home/matthew_a/workspace/install/ros2topic:/home/matthew_a/workspace/install/ros2test:/home/matthew_a/workspace/install/ros2component:/home/matthew_a/workspace/install/ros2param:/home/matthew_a/workspace/install/ros2lifecycle:/home/matthew_a/workspace/install/ros2service:/home/matthew_a/workspace/install/ros2run:/home/matthew_a/workspace/install/ros2launch:/home/matthew_a/workspace/install/ros2pkg:/home/matthew_a/workspace/install/ros2node:/home/matthew_a/workspace/install/ros2multicast:/home/matthew_a/workspace/install/ros2interface:/home/matthew_a/workspace/install/ros2doctor:/home/matthew_a/workspace/install/ros2action:/home/matthew_a/workspace/install/ros2cli:/home/matthew_a/workspace/install/launch_testing_ros:/home/matthew_a/workspace/install/launch_ros:/home/matthew_a/workspace/install/ament_uncrustify:/home/matthew_a/workspace/install/rpyutils:/home/matthew_a/workspace/install/rosidl_runtime_py:/home/matthew_a/workspace/install/rosidl_pycommon:/home/matthew_a/workspace/install/rosidl_cli:/home/matthew_a/workspace/install/launch_testing:/home/matthew_a/workspace/install/launch_yaml:/home/matthew_a/workspace/install/launch_xml:/home/matthew_a/workspace/install/launch:/home/matthew_a/workspace/install/osrf_pycommon:/home/matthew_a/workspace/install/domain_coordinator:/home/matthew_a/workspace/install/ament_xmllint:/home/matthew_a/workspace/install/ament_pycodestyle:/home/matthew_a/workspace/install/ament_pep257:/home/matthew_a/workspace/install/ament_package:/home/matthew_a/workspace/install/ament_mypy:/home/matthew_a/workspace/install/ament_lint_cmake:/home/matthew_a/workspace/install/ament_flake8:/home/matthew_a/workspace/install/ament_copyright:/home/matthew_a/workspace/install/ament_lint:/home/matthew_a/workspace/install/ament_index_python:/home/matthew_a/workspace/install/ament_cpplint:/home/matthew_a/workspace/install/ament_cppcheck:/opt/ros/jazzy DEBUGINFOD_URLS=https://debuginfod.ubuntu.com /usr/bin/cmake --build /home/matthew_a/unilidar_sdk2/unitree_lidar_ros2/build/unitree_lidar_ros2 -- -j16 -l16
[0.164s] -- Found ament_cmake: 2.8.4 (/home/matthew_a/workspace/install/ament_cmake/share/ament_cmake/cmake)
[1.444s] -- Found rclcpp: 30.0.0 (/home/matthew_a/workspace/install/rclcpp/share/rclcpp/cmake)
[1.660s] -- Found rosidl_generator_c: 5.0.0 (/home/matthew_a/workspace/install/rosidl_generator_c/share/rosidl_generator_c/cmake)
[1.721s] -- Found rosidl_generator_cpp: 5.0.0 (/home/matthew_a/workspace/install/rosidl_generator_cpp/share/rosidl_generator_cpp/cmake)
[1.811s] -- Using all available rosidl_typesupport_c: rosidl_typesupport_introspection_c;rosidl_typesupport_fastrtps_c
[1.904s] -- Using all available rosidl_typesupport_cpp: rosidl_typesupport_introspection_cpp;rosidl_typesupport_fastrtps_cpp
[2.189s] -- Found rmw_implementation_cmake: 7.9.0 (/home/matthew_a/workspace/install/rmw_implementation_cmake/share/rmw_implementation_cmake/cmake)
[2.228s] -- Found rmw_iceoryx2_cxx: 0.1.0 (/home/matthew_a/workspace/install/rmw_iceoryx2_cxx/share/rmw_iceoryx2_cxx/cmake)
[2.251s] -- Using RMW implementation 'rmw_iceoryx2_cxx' as default
[2.514s] -- Found std_msgs: 5.8.1 (/home/matthew_a/workspace/install/std_msgs/share/std_msgs/cmake)
[2.554s] -- Found geometry_msgs: 5.8.1 (/home/matthew_a/workspace/install/geometry_msgs/share/geometry_msgs/cmake)
[2.660s] [31mCMake Error at CMakeLists.txt:22 (find_package):
[2.660s]   By not providing "Findpcl_conversions.cmake" in CMAKE_MODULE_PATH this
[2.660s]   project has asked CMake to find a package configuration file provided by
[2.660s]   "pcl_conversions", but CMake did not find one.
[2.660s] 
[2.660s]   Could not find a package configuration file provided by "pcl_conversions"
[2.661s]   with any of the following names:
[2.661s] 
[2.661s]     pcl_conversionsConfig.cmake
[2.661s]     pcl_conversions-config.cmake
[2.661s] 
[2.661s]   Add the installation prefix of "pcl_conversions" to CMAKE_PREFIX_PATH or
[2.661s]   set "pcl_conversions_DIR" to a directory containing one of the above files.
[2.661s]   If "pcl_conversions" provides a separate development package or SDK, be
[2.662s]   sure it has been installed.
[2.662s] 
[2.662s] [0m
[2.662s] -- Configuring incomplete, errors occurred!
[2.673s] gmake: *** [Makefile:267: cmake_check_build_system] Error 1
[2.679s] Invoked command in '/home/matthew_a/unilidar_sdk2/unitree_lidar_ros2/build/unitree_lidar_ros2' returned '2': CMAKE_PREFIX_PATH=${CMAKE_PREFIX_PATH}:/home/matthew_a/workspace/install/sros2:/home/matthew_a/workspace/install/ros2topic:/home/matthew_a/workspace/install/ros2test:/home/matthew_a/workspace/install/ros2component:/home/matthew_a/workspace/install/ros2param:/home/matthew_a/workspace/install/ros2lifecycle:/home/matthew_a/workspace/install/ros2service:/home/matthew_a/workspace/install/ros2run:/home/matthew_a/workspace/install/ros2launch:/home/matthew_a/workspace/install/ros2pkg:/home/matthew_a/workspace/install/ros2node:/home/matthew_a/workspace/install/ros2multicast:/home/matthew_a/workspace/install/ros2interface:/home/matthew_a/workspace/install/ros2doctor:/home/matthew_a/workspace/install/ros2action:/home/matthew_a/workspace/install/ros2cli:/home/matthew_a/workspace/install/launch_testing_ros:/home/matthew_a/workspace/install/launch_ros:/home/matthew_a/workspace/install/ament_uncrustify:/home/matthew_a/workspace/install/rpyutils:/home/matthew_a/workspace/install/rosidl_runtime_py:/home/matthew_a/workspace/install/rosidl_pycommon:/home/matthew_a/workspace/install/rosidl_cli:/home/matthew_a/workspace/install/launch_testing:/home/matthew_a/workspace/install/launch_yaml:/home/matthew_a/workspace/install/launch_xml:/home/matthew_a/workspace/install/launch:/home/matthew_a/workspace/install/osrf_pycommon:/home/matthew_a/workspace/install/domain_coordinator:/home/matthew_a/workspace/install/ament_xmllint:/home/matthew_a/workspace/install/ament_pycodestyle:/home/matthew_a/workspace/install/ament_pep257:/home/matthew_a/workspace/install/ament_package:/home/matthew_a/workspace/install/ament_mypy:/home/matthew_a/workspace/install/ament_lint_cmake:/home/matthew_a/workspace/install/ament_flake8:/home/matthew_a/workspace/install/ament_copyright:/home/matthew_a/workspace/install/ament_lint:/home/matthew_a/workspace/install/ament_index_python:/home/matthew_a/workspace/install/ament_cpplint:/home/matthew_a/workspace/install/ament_cppcheck:/opt/ros/jazzy DEBUGINFOD_URLS=https://debuginfod.ubuntu.com /usr/bin/cmake --build /home/matthew_a/unilidar_sdk2/unitree_lidar_ros2/build/unitree_lidar_ros2 -- -j16 -l16
