[0.264s] DEBUG:colcon:Command line arguments: ['/usr/bin/colcon', 'build']
[0.264s] DEBUG:colcon:Parsed command line arguments: Namespace(log_base=None, log_level=None, verb_name='build', build_base='build', install_base='install', merge_install=False, symlink_install=False, test_result_base=None, continue_on_error=False, executor='parallel', parallel_workers=16, event_handlers=None, ignore_user_meta=False, metas=['./colcon.meta'], base_paths=['.'], packages_ignore=None, packages_ignore_regex=None, paths=None, packages_up_to=None, packages_up_to_regex=None, packages_above=None, packages_above_and_dependencies=None, packages_above_depth=None, packages_select_by_dep=None, packages_skip_by_dep=None, packages_skip_up_to=None, packages_select_build_failed=False, packages_skip_build_finished=False, packages_select_test_failures=False, packages_skip_test_passed=False, packages_select=None, packages_skip=None, packages_select_regex=None, packages_skip_regex=None, packages_start=None, packages_end=None, cmake_args=None, cmake_target=None, cmake_target_skip_unavailable=False, cmake_clean_cache=False, cmake_clean_first=False, cmake_force_configure=False, ament_cmake_args=None, catkin_cmake_args=None, catkin_skip_building_tests=False, verb_parser=<colcon_defaults.argument_parser.defaults.DefaultArgumentsDecorator object at 0x7493a70fbb30>, verb_extension=<colcon_core.verb.build.BuildVerb object at 0x7493a70480b0>, main=<bound method BuildVerb.main of <colcon_core.verb.build.BuildVerb object at 0x7493a70480b0>>)
[0.347s] Level 1:colcon.colcon_core.package_discovery:discover_packages(colcon_meta) check parameters
[0.347s] Level 1:colcon.colcon_core.package_discovery:discover_packages(recursive) check parameters
[0.347s] Level 1:colcon.colcon_core.package_discovery:discover_packages(ignore) check parameters
[0.347s] Level 1:colcon.colcon_core.package_discovery:discover_packages(path) check parameters
[0.347s] Level 1:colcon.colcon_core.package_discovery:discover_packages(colcon_meta) discover
[0.347s] Level 1:colcon.colcon_core.package_discovery:discover_packages(recursive) discover
[0.347s] INFO:colcon.colcon_core.package_discovery:Crawling recursively for packages in '/home/matthew_a/unilidar_sdk2/unitree_lidar_ros2'
[0.348s] Level 1:colcon.colcon_core.package_identification:_identify(.) by extensions ['ignore', 'ignore_ament_install']
[0.348s] Level 1:colcon.colcon_core.package_identification:_identify(.) by extension 'ignore'
[0.348s] Level 1:colcon.colcon_core.package_identification:_identify(.) by extension 'ignore_ament_install'
[0.348s] Level 1:colcon.colcon_core.package_identification:_identify(.) by extensions ['colcon_pkg']
[0.348s] Level 1:colcon.colcon_core.package_identification:_identify(.) by extension 'colcon_pkg'
[0.348s] Level 1:colcon.colcon_core.package_identification:_identify(.) by extensions ['colcon_meta']
[0.348s] Level 1:colcon.colcon_core.package_identification:_identify(.) by extension 'colcon_meta'
[0.348s] Level 1:colcon.colcon_core.package_identification:_identify(.) by extensions ['ros']
[0.348s] Level 1:colcon.colcon_core.package_identification:_identify(.) by extension 'ros'
[0.385s] Level 1:colcon.colcon_core.package_identification:_identify(.) by extensions ['cmake', 'python']
[0.385s] Level 1:colcon.colcon_core.package_identification:_identify(.) by extension 'cmake'
[0.385s] Level 1:colcon.colcon_core.package_identification:_identify(.) by extension 'python'
[0.385s] Level 1:colcon.colcon_core.package_identification:_identify(.) by extensions ['python_setup_py']
[0.385s] Level 1:colcon.colcon_core.package_identification:_identify(.) by extension 'python_setup_py'
[0.386s] Level 1:colcon.colcon_core.package_identification:_identify(build) by extensions ['ignore', 'ignore_ament_install']
[0.386s] Level 1:colcon.colcon_core.package_identification:_identify(build) by extension 'ignore'
[0.386s] Level 1:colcon.colcon_core.package_identification:_identify(build) ignored
[0.386s] Level 1:colcon.colcon_core.package_identification:_identify(install) by extensions ['ignore', 'ignore_ament_install']
[0.386s] Level 1:colcon.colcon_core.package_identification:_identify(install) by extension 'ignore'
[0.386s] Level 1:colcon.colcon_core.package_identification:_identify(install) ignored
[0.386s] Level 1:colcon.colcon_core.package_identification:_identify(log) by extensions ['ignore', 'ignore_ament_install']
[0.386s] Level 1:colcon.colcon_core.package_identification:_identify(log) by extension 'ignore'
[0.386s] Level 1:colcon.colcon_core.package_identification:_identify(log) ignored
[0.386s] Level 1:colcon.colcon_core.package_identification:_identify(src) by extensions ['ignore', 'ignore_ament_install']
[0.387s] Level 1:colcon.colcon_core.package_identification:_identify(src) by extension 'ignore'
[0.387s] Level 1:colcon.colcon_core.package_identification:_identify(src) by extension 'ignore_ament_install'
[0.387s] Level 1:colcon.colcon_core.package_identification:_identify(src) by extensions ['colcon_pkg']
[0.387s] Level 1:colcon.colcon_core.package_identification:_identify(src) by extension 'colcon_pkg'
[0.387s] Level 1:colcon.colcon_core.package_identification:_identify(src) by extensions ['colcon_meta']
[0.387s] Level 1:colcon.colcon_core.package_identification:_identify(src) by extension 'colcon_meta'
[0.387s] Level 1:colcon.colcon_core.package_identification:_identify(src) by extensions ['ros']
[0.387s] Level 1:colcon.colcon_core.package_identification:_identify(src) by extension 'ros'
[0.387s] Level 1:colcon.colcon_core.package_identification:_identify(src) by extensions ['cmake', 'python']
[0.387s] Level 1:colcon.colcon_core.package_identification:_identify(src) by extension 'cmake'
[0.387s] Level 1:colcon.colcon_core.package_identification:_identify(src) by extension 'python'
[0.387s] Level 1:colcon.colcon_core.package_identification:_identify(src) by extensions ['python_setup_py']
[0.387s] Level 1:colcon.colcon_core.package_identification:_identify(src) by extension 'python_setup_py'
[0.387s] Level 1:colcon.colcon_core.package_identification:_identify(src/unitree_lidar_ros2) by extensions ['ignore', 'ignore_ament_install']
[0.387s] Level 1:colcon.colcon_core.package_identification:_identify(src/unitree_lidar_ros2) by extension 'ignore'
[0.387s] Level 1:colcon.colcon_core.package_identification:_identify(src/unitree_lidar_ros2) by extension 'ignore_ament_install'
[0.388s] Level 1:colcon.colcon_core.package_identification:_identify(src/unitree_lidar_ros2) by extensions ['colcon_pkg']
[0.388s] Level 1:colcon.colcon_core.package_identification:_identify(src/unitree_lidar_ros2) by extension 'colcon_pkg'
[0.388s] Level 1:colcon.colcon_core.package_identification:_identify(src/unitree_lidar_ros2) by extensions ['colcon_meta']
[0.388s] Level 1:colcon.colcon_core.package_identification:_identify(src/unitree_lidar_ros2) by extension 'colcon_meta'
[0.388s] Level 1:colcon.colcon_core.package_identification:_identify(src/unitree_lidar_ros2) by extensions ['ros']
[0.388s] Level 1:colcon.colcon_core.package_identification:_identify(src/unitree_lidar_ros2) by extension 'ros'
[0.393s] DEBUG:colcon.colcon_core.package_identification:Package 'src/unitree_lidar_ros2' with type 'ros.ament_cmake' and name 'unitree_lidar_ros2'
[0.393s] Level 1:colcon.colcon_core.package_discovery:discover_packages(recursive) using defaults
[0.393s] Level 1:colcon.colcon_core.package_discovery:discover_packages(ignore) discover
[0.393s] Level 1:colcon.colcon_core.package_discovery:discover_packages(ignore) using defaults
[0.393s] Level 1:colcon.colcon_core.package_discovery:discover_packages(path) discover
[0.393s] Level 1:colcon.colcon_core.package_discovery:discover_packages(path) using defaults
[0.421s] Level 5:colcon.colcon_core.verb:set package 'unitree_lidar_ros2' build argument 'cmake_args' from command line to 'None'
[0.422s] Level 5:colcon.colcon_core.verb:set package 'unitree_lidar_ros2' build argument 'cmake_target' from command line to 'None'
[0.422s] Level 5:colcon.colcon_core.verb:set package 'unitree_lidar_ros2' build argument 'cmake_target_skip_unavailable' from command line to 'False'
[0.422s] Level 5:colcon.colcon_core.verb:set package 'unitree_lidar_ros2' build argument 'cmake_clean_cache' from command line to 'False'
[0.422s] Level 5:colcon.colcon_core.verb:set package 'unitree_lidar_ros2' build argument 'cmake_clean_first' from command line to 'False'
[0.422s] Level 5:colcon.colcon_core.verb:set package 'unitree_lidar_ros2' build argument 'cmake_force_configure' from command line to 'False'
[0.422s] Level 5:colcon.colcon_core.verb:set package 'unitree_lidar_ros2' build argument 'ament_cmake_args' from command line to 'None'
[0.422s] Level 5:colcon.colcon_core.verb:set package 'unitree_lidar_ros2' build argument 'catkin_cmake_args' from command line to 'None'
[0.422s] Level 5:colcon.colcon_core.verb:set package 'unitree_lidar_ros2' build argument 'catkin_skip_building_tests' from command line to 'False'
[0.422s] DEBUG:colcon.colcon_core.verb:Building package 'unitree_lidar_ros2' with the following arguments: {'ament_cmake_args': None, 'build_base': '/home/matthew_a/unilidar_sdk2/unitree_lidar_ros2/build/unitree_lidar_ros2', 'catkin_cmake_args': None, 'catkin_skip_building_tests': False, 'cmake_args': None, 'cmake_clean_cache': False, 'cmake_clean_first': False, 'cmake_force_configure': False, 'cmake_target': None, 'cmake_target_skip_unavailable': False, 'install_base': '/home/matthew_a/unilidar_sdk2/unitree_lidar_ros2/install/unitree_lidar_ros2', 'merge_install': False, 'path': '/home/matthew_a/unilidar_sdk2/unitree_lidar_ros2/src/unitree_lidar_ros2', 'symlink_install': False, 'test_result_base': None}
[0.422s] INFO:colcon.colcon_core.executor:Executing jobs using 'parallel' executor
[0.423s] DEBUG:colcon.colcon_parallel_executor.executor.parallel:run_until_complete
[0.423s] INFO:colcon.colcon_ros.task.ament_cmake.build:Building ROS package in '/home/matthew_a/unilidar_sdk2/unitree_lidar_ros2/src/unitree_lidar_ros2' with build type 'ament_cmake'
[0.423s] INFO:colcon.colcon_cmake.task.cmake.build:Building CMake package in '/home/matthew_a/unilidar_sdk2/unitree_lidar_ros2/src/unitree_lidar_ros2'
[0.429s] INFO:colcon.colcon_core.plugin_system:Skipping extension 'colcon_core.shell.bat': Not used on non-Windows systems
[0.429s] DEBUG:colcon.colcon_core.shell:Skip shell extension 'dsv' for command environment
[0.443s] DEBUG:colcon.colcon_core.event_handler.log_command:Invoking command in '/home/matthew_a/unilidar_sdk2/unitree_lidar_ros2/build/unitree_lidar_ros2': CMAKE_PREFIX_PATH=${CMAKE_PREFIX_PATH}:/opt/ros/jazzy DEBUGINFOD_URLS=https://debuginfod.ubuntu.com /usr/bin/cmake /home/matthew_a/unilidar_sdk2/unitree_lidar_ros2/src/unitree_lidar_ros2 -DCMAKE_INSTALL_PREFIX=/home/matthew_a/unilidar_sdk2/unitree_lidar_ros2/install/unitree_lidar_ros2
[10.728s] DEBUG:colcon.colcon_core.event_handler.log_command:Invoked command in '/home/matthew_a/unilidar_sdk2/unitree_lidar_ros2/build/unitree_lidar_ros2' returned '0': CMAKE_PREFIX_PATH=${CMAKE_PREFIX_PATH}:/opt/ros/jazzy DEBUGINFOD_URLS=https://debuginfod.ubuntu.com /usr/bin/cmake /home/matthew_a/unilidar_sdk2/unitree_lidar_ros2/src/unitree_lidar_ros2 -DCMAKE_INSTALL_PREFIX=/home/matthew_a/unilidar_sdk2/unitree_lidar_ros2/install/unitree_lidar_ros2
[10.732s] DEBUG:colcon.colcon_core.event_handler.log_command:Invoking command in '/home/matthew_a/unilidar_sdk2/unitree_lidar_ros2/build/unitree_lidar_ros2': CMAKE_PREFIX_PATH=${CMAKE_PREFIX_PATH}:/opt/ros/jazzy DEBUGINFOD_URLS=https://debuginfod.ubuntu.com /usr/bin/cmake --build /home/matthew_a/unilidar_sdk2/unitree_lidar_ros2/build/unitree_lidar_ros2 -- -j16 -l16
[25.485s] DEBUG:colcon.colcon_core.event_handler.log_command:Invoked command in '/home/matthew_a/unilidar_sdk2/unitree_lidar_ros2/build/unitree_lidar_ros2' returned '0': CMAKE_PREFIX_PATH=${CMAKE_PREFIX_PATH}:/opt/ros/jazzy DEBUGINFOD_URLS=https://debuginfod.ubuntu.com /usr/bin/cmake --build /home/matthew_a/unilidar_sdk2/unitree_lidar_ros2/build/unitree_lidar_ros2 -- -j16 -l16
[25.493s] DEBUG:colcon.colcon_core.event_handler.log_command:Invoking command in '/home/matthew_a/unilidar_sdk2/unitree_lidar_ros2/build/unitree_lidar_ros2': CMAKE_PREFIX_PATH=${CMAKE_PREFIX_PATH}:/opt/ros/jazzy DEBUGINFOD_URLS=https://debuginfod.ubuntu.com /usr/bin/cmake --install /home/matthew_a/unilidar_sdk2/unitree_lidar_ros2/build/unitree_lidar_ros2
[25.506s] Level 1:colcon.colcon_core.environment:create_environment_scripts_only(unitree_lidar_ros2)
[25.506s] DEBUG:colcon.colcon_core.event_handler.log_command:Invoked command in '/home/matthew_a/unilidar_sdk2/unitree_lidar_ros2/build/unitree_lidar_ros2' returned '0': CMAKE_PREFIX_PATH=${CMAKE_PREFIX_PATH}:/opt/ros/jazzy DEBUGINFOD_URLS=https://debuginfod.ubuntu.com /usr/bin/cmake --install /home/matthew_a/unilidar_sdk2/unitree_lidar_ros2/build/unitree_lidar_ros2
[25.510s] Level 1:colcon.colcon_core.environment:checking '/home/matthew_a/unilidar_sdk2/unitree_lidar_ros2/install/unitree_lidar_ros2' for CMake module files
[25.510s] Level 1:colcon.colcon_core.environment:checking '/home/matthew_a/unilidar_sdk2/unitree_lidar_ros2/install/unitree_lidar_ros2' for CMake config files
[25.511s] Level 1:colcon.colcon_core.shell:create_environment_hook('unitree_lidar_ros2', 'cmake_prefix_path')
[25.511s] INFO:colcon.colcon_core.shell:Creating environment descriptor '/home/matthew_a/unilidar_sdk2/unitree_lidar_ros2/install/unitree_lidar_ros2/share/unitree_lidar_ros2/hook/cmake_prefix_path.dsv'
[25.511s] INFO:colcon.colcon_core.shell:Creating environment hook '/home/matthew_a/unilidar_sdk2/unitree_lidar_ros2/install/unitree_lidar_ros2/share/unitree_lidar_ros2/hook/cmake_prefix_path.sh'
[25.512s] Level 1:colcon.colcon_core.environment:checking '/home/matthew_a/unilidar_sdk2/unitree_lidar_ros2/install/unitree_lidar_ros2/lib'
[25.512s] Level 1:colcon.colcon_core.environment:checking '/home/matthew_a/unilidar_sdk2/unitree_lidar_ros2/install/unitree_lidar_ros2/bin'
[25.512s] Level 1:colcon.colcon_core.environment:checking '/home/matthew_a/unilidar_sdk2/unitree_lidar_ros2/install/unitree_lidar_ros2/lib/pkgconfig/unitree_lidar_ros2.pc'
[25.513s] Level 1:colcon.colcon_core.environment:checking '/home/matthew_a/unilidar_sdk2/unitree_lidar_ros2/install/unitree_lidar_ros2/lib/python3.12/site-packages'
[25.513s] Level 1:colcon.colcon_core.environment:checking '/home/matthew_a/unilidar_sdk2/unitree_lidar_ros2/install/unitree_lidar_ros2/bin'
[25.513s] INFO:colcon.colcon_core.shell:Creating package descriptor '/home/matthew_a/unilidar_sdk2/unitree_lidar_ros2/install/unitree_lidar_ros2/share/unitree_lidar_ros2/package.dsv'
[25.514s] INFO:colcon.colcon_core.shell:Creating package script '/home/matthew_a/unilidar_sdk2/unitree_lidar_ros2/install/unitree_lidar_ros2/share/unitree_lidar_ros2/package.sh'
[25.514s] INFO:colcon.colcon_core.shell:Creating package script '/home/matthew_a/unilidar_sdk2/unitree_lidar_ros2/install/unitree_lidar_ros2/share/unitree_lidar_ros2/package.bash'
[25.515s] INFO:colcon.colcon_core.shell:Creating package script '/home/matthew_a/unilidar_sdk2/unitree_lidar_ros2/install/unitree_lidar_ros2/share/unitree_lidar_ros2/package.zsh'
[25.516s] Level 1:colcon.colcon_core.environment:create_file_with_runtime_dependencies(/home/matthew_a/unilidar_sdk2/unitree_lidar_ros2/install/unitree_lidar_ros2/share/colcon-core/packages/unitree_lidar_ros2)
[25.516s] Level 1:colcon.colcon_core.environment:create_environment_scripts_only(unitree_lidar_ros2)
[25.516s] Level 1:colcon.colcon_core.environment:checking '/home/matthew_a/unilidar_sdk2/unitree_lidar_ros2/install/unitree_lidar_ros2' for CMake module files
[25.516s] Level 1:colcon.colcon_core.environment:checking '/home/matthew_a/unilidar_sdk2/unitree_lidar_ros2/install/unitree_lidar_ros2' for CMake config files
[25.516s] Level 1:colcon.colcon_core.shell:create_environment_hook('unitree_lidar_ros2', 'cmake_prefix_path')
[25.516s] INFO:colcon.colcon_core.shell:Creating environment descriptor '/home/matthew_a/unilidar_sdk2/unitree_lidar_ros2/install/unitree_lidar_ros2/share/unitree_lidar_ros2/hook/cmake_prefix_path.dsv'
[25.517s] INFO:colcon.colcon_core.shell:Creating environment hook '/home/matthew_a/unilidar_sdk2/unitree_lidar_ros2/install/unitree_lidar_ros2/share/unitree_lidar_ros2/hook/cmake_prefix_path.sh'
[25.517s] Level 1:colcon.colcon_core.environment:checking '/home/matthew_a/unilidar_sdk2/unitree_lidar_ros2/install/unitree_lidar_ros2/lib'
[25.517s] Level 1:colcon.colcon_core.environment:checking '/home/matthew_a/unilidar_sdk2/unitree_lidar_ros2/install/unitree_lidar_ros2/bin'
[25.517s] Level 1:colcon.colcon_core.environment:checking '/home/matthew_a/unilidar_sdk2/unitree_lidar_ros2/install/unitree_lidar_ros2/lib/pkgconfig/unitree_lidar_ros2.pc'
[25.517s] Level 1:colcon.colcon_core.environment:checking '/home/matthew_a/unilidar_sdk2/unitree_lidar_ros2/install/unitree_lidar_ros2/lib/python3.12/site-packages'
[25.517s] Level 1:colcon.colcon_core.environment:checking '/home/matthew_a/unilidar_sdk2/unitree_lidar_ros2/install/unitree_lidar_ros2/bin'
[25.518s] INFO:colcon.colcon_core.shell:Creating package descriptor '/home/matthew_a/unilidar_sdk2/unitree_lidar_ros2/install/unitree_lidar_ros2/share/unitree_lidar_ros2/package.dsv'
[25.518s] INFO:colcon.colcon_core.shell:Creating package script '/home/matthew_a/unilidar_sdk2/unitree_lidar_ros2/install/unitree_lidar_ros2/share/unitree_lidar_ros2/package.sh'
[25.518s] INFO:colcon.colcon_core.shell:Creating package script '/home/matthew_a/unilidar_sdk2/unitree_lidar_ros2/install/unitree_lidar_ros2/share/unitree_lidar_ros2/package.bash'
[25.518s] INFO:colcon.colcon_core.shell:Creating package script '/home/matthew_a/unilidar_sdk2/unitree_lidar_ros2/install/unitree_lidar_ros2/share/unitree_lidar_ros2/package.zsh'
[25.519s] Level 1:colcon.colcon_core.environment:create_file_with_runtime_dependencies(/home/matthew_a/unilidar_sdk2/unitree_lidar_ros2/install/unitree_lidar_ros2/share/colcon-core/packages/unitree_lidar_ros2)
[25.519s] DEBUG:colcon.colcon_parallel_executor.executor.parallel:closing loop
[25.519s] DEBUG:colcon.colcon_parallel_executor.executor.parallel:loop closed
[25.519s] DEBUG:colcon.colcon_parallel_executor.executor.parallel:run_until_complete finished with '0'
[25.519s] DEBUG:colcon.colcon_core.event_reactor:joining thread
[25.524s] INFO:colcon.colcon_core.plugin_system:Skipping extension 'colcon_notification.desktop_notification.terminal_notifier': Not used on non-Darwin systems
[25.524s] INFO:colcon.colcon_core.plugin_system:Skipping extension 'colcon_notification.desktop_notification.win32': Not used on non-Windows systems
[25.524s] INFO:colcon.colcon_notification.desktop_notification:Sending desktop notification using 'notify2'
[25.540s] DEBUG:colcon.colcon_core.event_reactor:joined thread
[25.540s] INFO:colcon.colcon_core.shell:Creating prefix script '/home/matthew_a/unilidar_sdk2/unitree_lidar_ros2/install/local_setup.sh'
[25.541s] INFO:colcon.colcon_core.shell:Creating prefix util module '/home/matthew_a/unilidar_sdk2/unitree_lidar_ros2/install/_local_setup_util_sh.py'
[25.542s] INFO:colcon.colcon_core.shell:Creating prefix chain script '/home/matthew_a/unilidar_sdk2/unitree_lidar_ros2/install/setup.sh'
[25.543s] INFO:colcon.colcon_core.shell:Creating prefix script '/home/matthew_a/unilidar_sdk2/unitree_lidar_ros2/install/local_setup.bash'
[25.543s] INFO:colcon.colcon_core.shell:Creating prefix chain script '/home/matthew_a/unilidar_sdk2/unitree_lidar_ros2/install/setup.bash'
[25.543s] INFO:colcon.colcon_core.shell:Creating prefix script '/home/matthew_a/unilidar_sdk2/unitree_lidar_ros2/install/local_setup.zsh'
[25.544s] INFO:colcon.colcon_core.shell:Creating prefix chain script '/home/matthew_a/unilidar_sdk2/unitree_lidar_ros2/install/setup.zsh'
