[0.318s] DEBUG:colcon:Command line arguments: ['/usr/bin/colcon', 'build']
[0.318s] DEBUG:colcon:Parsed command line arguments: Namespace(log_base=None, log_level=None, verb_name='build', build_base='build', install_base='install', merge_install=False, symlink_install=False, test_result_base=None, continue_on_error=False, executor='parallel', parallel_workers=16, event_handlers=None, ignore_user_meta=False, metas=['./colcon.meta'], base_paths=['.'], packages_ignore=None, packages_ignore_regex=None, paths=None, packages_up_to=None, packages_up_to_regex=None, packages_above=None, packages_above_and_dependencies=None, packages_above_depth=None, packages_select_by_dep=None, packages_skip_by_dep=None, packages_skip_up_to=None, packages_select_build_failed=False, packages_skip_build_finished=False, packages_select_test_failures=False, packages_skip_test_passed=False, packages_select=None, packages_skip=None, packages_select_regex=None, packages_skip_regex=None, packages_start=None, packages_end=None, allow_overriding=[], cmake_args=None, cmake_target=None, cmake_target_skip_unavailable=False, cmake_clean_cache=False, cmake_clean_first=False, cmake_force_configure=False, ament_cmake_args=None, catkin_cmake_args=None, catkin_skip_building_tests=False, mixin_files=None, mixin=None, verb_parser=<colcon_mixin.mixin.mixin_argument.MixinArgumentDecorator object at 0x7ed908c0eed0>, verb_extension=<colcon_core.verb.build.BuildVerb object at 0x7ed908d32e70>, main=<bound method BuildVerb.main of <colcon_core.verb.build.BuildVerb object at 0x7ed908d32e70>>, mixin_verb=('build',))
[0.417s] Level 1:colcon.colcon_core.package_discovery:discover_packages(colcon_meta) check parameters
[0.417s] Level 1:colcon.colcon_core.package_discovery:discover_packages(recursive) check parameters
[0.417s] Level 1:colcon.colcon_core.package_discovery:discover_packages(ignore) check parameters
[0.417s] Level 1:colcon.colcon_core.package_discovery:discover_packages(path) check parameters
[0.417s] Level 1:colcon.colcon_core.package_discovery:discover_packages(colcon_meta) discover
[0.418s] Level 1:colcon.colcon_core.package_discovery:discover_packages(recursive) discover
[0.418s] INFO:colcon.colcon_core.package_discovery:Crawling recursively for packages in '/home/matthew_a/unilidar_sdk2/unitree_lidar_ros2'
[0.418s] Level 1:colcon.colcon_core.package_identification:_identify(.) by extensions ['ignore', 'ignore_ament_install']
[0.418s] Level 1:colcon.colcon_core.package_identification:_identify(.) by extension 'ignore'
[0.418s] Level 1:colcon.colcon_core.package_identification:_identify(.) by extension 'ignore_ament_install'
[0.418s] Level 1:colcon.colcon_core.package_identification:_identify(.) by extensions ['colcon_pkg']
[0.419s] Level 1:colcon.colcon_core.package_identification:_identify(.) by extension 'colcon_pkg'
[0.419s] Level 1:colcon.colcon_core.package_identification:_identify(.) by extensions ['colcon_meta']
[0.419s] Level 1:colcon.colcon_core.package_identification:_identify(.) by extension 'colcon_meta'
[0.419s] Level 1:colcon.colcon_core.package_identification:_identify(.) by extensions ['ros']
[0.419s] Level 1:colcon.colcon_core.package_identification:_identify(.) by extension 'ros'
[0.486s] Level 1:colcon.colcon_core.package_identification:_identify(.) by extensions ['cmake', 'python']
[0.486s] Level 1:colcon.colcon_core.package_identification:_identify(.) by extension 'cmake'
[0.486s] Level 1:colcon.colcon_core.package_identification:_identify(.) by extension 'python'
[0.486s] Level 1:colcon.colcon_core.package_identification:_identify(.) by extensions ['python_setup_py']
[0.486s] Level 1:colcon.colcon_core.package_identification:_identify(.) by extension 'python_setup_py'
[0.486s] Level 1:colcon.colcon_core.package_identification:_identify(build) by extensions ['ignore', 'ignore_ament_install']
[0.487s] Level 1:colcon.colcon_core.package_identification:_identify(build) by extension 'ignore'
[0.487s] Level 1:colcon.colcon_core.package_identification:_identify(build) ignored
[0.487s] Level 1:colcon.colcon_core.package_identification:_identify(install) by extensions ['ignore', 'ignore_ament_install']
[0.487s] Level 1:colcon.colcon_core.package_identification:_identify(install) by extension 'ignore'
[0.488s] Level 1:colcon.colcon_core.package_identification:_identify(install) ignored
[0.488s] Level 1:colcon.colcon_core.package_identification:_identify(log) by extensions ['ignore', 'ignore_ament_install']
[0.488s] Level 1:colcon.colcon_core.package_identification:_identify(log) by extension 'ignore'
[0.488s] Level 1:colcon.colcon_core.package_identification:_identify(log) ignored
[0.488s] Level 1:colcon.colcon_core.package_identification:_identify(src) by extensions ['ignore', 'ignore_ament_install']
[0.489s] Level 1:colcon.colcon_core.package_identification:_identify(src) by extension 'ignore'
[0.489s] Level 1:colcon.colcon_core.package_identification:_identify(src) by extension 'ignore_ament_install'
[0.489s] Level 1:colcon.colcon_core.package_identification:_identify(src) by extensions ['colcon_pkg']
[0.489s] Level 1:colcon.colcon_core.package_identification:_identify(src) by extension 'colcon_pkg'
[0.489s] Level 1:colcon.colcon_core.package_identification:_identify(src) by extensions ['colcon_meta']
[0.490s] Level 1:colcon.colcon_core.package_identification:_identify(src) by extension 'colcon_meta'
[0.490s] Level 1:colcon.colcon_core.package_identification:_identify(src) by extensions ['ros']
[0.490s] Level 1:colcon.colcon_core.package_identification:_identify(src) by extension 'ros'
[0.490s] Level 1:colcon.colcon_core.package_identification:_identify(src) by extensions ['cmake', 'python']
[0.490s] Level 1:colcon.colcon_core.package_identification:_identify(src) by extension 'cmake'
[0.490s] Level 1:colcon.colcon_core.package_identification:_identify(src) by extension 'python'
[0.490s] Level 1:colcon.colcon_core.package_identification:_identify(src) by extensions ['python_setup_py']
[0.490s] Level 1:colcon.colcon_core.package_identification:_identify(src) by extension 'python_setup_py'
[0.491s] Level 1:colcon.colcon_core.package_identification:_identify(src/unitree_lidar_ros2) by extensions ['ignore', 'ignore_ament_install']
[0.491s] Level 1:colcon.colcon_core.package_identification:_identify(src/unitree_lidar_ros2) by extension 'ignore'
[0.491s] Level 1:colcon.colcon_core.package_identification:_identify(src/unitree_lidar_ros2) by extension 'ignore_ament_install'
[0.491s] Level 1:colcon.colcon_core.package_identification:_identify(src/unitree_lidar_ros2) by extensions ['colcon_pkg']
[0.491s] Level 1:colcon.colcon_core.package_identification:_identify(src/unitree_lidar_ros2) by extension 'colcon_pkg'
[0.491s] Level 1:colcon.colcon_core.package_identification:_identify(src/unitree_lidar_ros2) by extensions ['colcon_meta']
[0.491s] Level 1:colcon.colcon_core.package_identification:_identify(src/unitree_lidar_ros2) by extension 'colcon_meta'
[0.491s] Level 1:colcon.colcon_core.package_identification:_identify(src/unitree_lidar_ros2) by extensions ['ros']
[0.491s] Level 1:colcon.colcon_core.package_identification:_identify(src/unitree_lidar_ros2) by extension 'ros'
[0.497s] DEBUG:colcon.colcon_core.package_identification:Package 'src/unitree_lidar_ros2' with type 'ros.ament_cmake' and name 'unitree_lidar_ros2'
[0.498s] Level 1:colcon.colcon_core.package_discovery:discover_packages(recursive) using defaults
[0.498s] Level 1:colcon.colcon_core.package_discovery:discover_packages(ignore) discover
[0.498s] Level 1:colcon.colcon_core.package_discovery:discover_packages(ignore) using defaults
[0.498s] Level 1:colcon.colcon_core.package_discovery:discover_packages(path) discover
[0.498s] Level 1:colcon.colcon_core.package_discovery:discover_packages(path) using defaults
[0.550s] Level 1:colcon.colcon_core.package_discovery:discover_packages(prefix_path) check parameters
[0.550s] Level 1:colcon.colcon_core.package_discovery:discover_packages(prefix_path) discover
[0.577s] DEBUG:colcon.colcon_installed_package_information.package_discovery:Found 175 installed packages in /home/matthew_a/workspace/install
[0.580s] DEBUG:colcon.colcon_installed_package_information.package_discovery:Found 99 installed packages in /opt/ros/rolling
[0.589s] Level 1:colcon.colcon_core.package_discovery:discover_packages(prefix_path) using defaults
[0.656s] Level 5:colcon.colcon_core.verb:set package 'unitree_lidar_ros2' build argument 'cmake_args' from command line to 'None'
[0.656s] Level 5:colcon.colcon_core.verb:set package 'unitree_lidar_ros2' build argument 'cmake_target' from command line to 'None'
[0.656s] Level 5:colcon.colcon_core.verb:set package 'unitree_lidar_ros2' build argument 'cmake_target_skip_unavailable' from command line to 'False'
[0.656s] Level 5:colcon.colcon_core.verb:set package 'unitree_lidar_ros2' build argument 'cmake_clean_cache' from command line to 'False'
[0.656s] Level 5:colcon.colcon_core.verb:set package 'unitree_lidar_ros2' build argument 'cmake_clean_first' from command line to 'False'
[0.656s] Level 5:colcon.colcon_core.verb:set package 'unitree_lidar_ros2' build argument 'cmake_force_configure' from command line to 'False'
[0.656s] Level 5:colcon.colcon_core.verb:set package 'unitree_lidar_ros2' build argument 'ament_cmake_args' from command line to 'None'
[0.656s] Level 5:colcon.colcon_core.verb:set package 'unitree_lidar_ros2' build argument 'catkin_cmake_args' from command line to 'None'
[0.656s] Level 5:colcon.colcon_core.verb:set package 'unitree_lidar_ros2' build argument 'catkin_skip_building_tests' from command line to 'False'
[0.656s] DEBUG:colcon.colcon_core.verb:Building package 'unitree_lidar_ros2' with the following arguments: {'ament_cmake_args': None, 'build_base': '/home/matthew_a/unilidar_sdk2/unitree_lidar_ros2/build/unitree_lidar_ros2', 'catkin_cmake_args': None, 'catkin_skip_building_tests': False, 'cmake_args': None, 'cmake_clean_cache': False, 'cmake_clean_first': False, 'cmake_force_configure': False, 'cmake_target': None, 'cmake_target_skip_unavailable': False, 'install_base': '/home/matthew_a/unilidar_sdk2/unitree_lidar_ros2/install/unitree_lidar_ros2', 'merge_install': False, 'path': '/home/matthew_a/unilidar_sdk2/unitree_lidar_ros2/src/unitree_lidar_ros2', 'symlink_install': False, 'test_result_base': None}
[0.657s] INFO:colcon.colcon_core.executor:Executing jobs using 'parallel' executor
[0.659s] DEBUG:colcon.colcon_parallel_executor.executor.parallel:run_until_complete
[0.659s] INFO:colcon.colcon_ros.task.ament_cmake.build:Building ROS package in '/home/matthew_a/unilidar_sdk2/unitree_lidar_ros2/src/unitree_lidar_ros2' with build type 'ament_cmake'
[0.659s] INFO:colcon.colcon_cmake.task.cmake.build:Building CMake package in '/home/matthew_a/unilidar_sdk2/unitree_lidar_ros2/src/unitree_lidar_ros2'
[0.667s] INFO:colcon.colcon_core.plugin_system:Skipping extension 'colcon_core.shell.bat': Not used on non-Windows systems
[0.668s] INFO:colcon.colcon_core.shell:Skip shell extension 'powershell' for command environment: Not usable outside of PowerShell
[0.668s] DEBUG:colcon.colcon_core.shell:Skip shell extension 'dsv' for command environment
[0.713s] DEBUG:colcon.colcon_core.event_handler.log_command:Invoking command in '/home/matthew_a/unilidar_sdk2/unitree_lidar_ros2/build/unitree_lidar_ros2': CMAKE_PREFIX_PATH=${CMAKE_PREFIX_PATH}:/opt/ros/rolling:/home/matthew_a/workspace/install/sros2:/home/matthew_a/workspace/install/ros2topic:/home/matthew_a/workspace/install/ros2test:/home/matthew_a/workspace/install/ros2component:/home/matthew_a/workspace/install/ros2param:/home/matthew_a/workspace/install/ros2lifecycle:/home/matthew_a/workspace/install/ros2service:/home/matthew_a/workspace/install/ros2run:/home/matthew_a/workspace/install/ros2launch:/home/matthew_a/workspace/install/ros2pkg:/home/matthew_a/workspace/install/ros2node:/home/matthew_a/workspace/install/ros2multicast:/home/matthew_a/workspace/install/ros2interface:/home/matthew_a/workspace/install/ros2doctor:/home/matthew_a/workspace/install/ros2action:/home/matthew_a/workspace/install/ros2cli:/home/matthew_a/workspace/install/launch_testing_ros:/home/matthew_a/workspace/install/launch_ros:/home/matthew_a/workspace/install/ament_uncrustify:/home/matthew_a/workspace/install/rpyutils:/home/matthew_a/workspace/install/rosidl_runtime_py:/home/matthew_a/workspace/install/rosidl_pycommon:/home/matthew_a/workspace/install/rosidl_cli:/home/matthew_a/workspace/install/launch_testing:/home/matthew_a/workspace/install/launch_yaml:/home/matthew_a/workspace/install/launch_xml:/home/matthew_a/workspace/install/launch:/home/matthew_a/workspace/install/osrf_pycommon:/home/matthew_a/workspace/install/domain_coordinator:/home/matthew_a/workspace/install/ament_xmllint:/home/matthew_a/workspace/install/ament_pycodestyle:/home/matthew_a/workspace/install/ament_pep257:/home/matthew_a/workspace/install/ament_package:/home/matthew_a/workspace/install/ament_mypy:/home/matthew_a/workspace/install/ament_lint_cmake:/home/matthew_a/workspace/install/ament_flake8:/home/matthew_a/workspace/install/ament_copyright:/home/matthew_a/workspace/install/ament_lint:/home/matthew_a/workspace/install/ament_index_python:/home/matthew_a/workspace/install/ament_cpplint:/home/matthew_a/workspace/install/ament_cppcheck DEBUGINFOD_URLS=https://debuginfod.ubuntu.com /usr/bin/cmake --build /home/matthew_a/unilidar_sdk2/unitree_lidar_ros2/build/unitree_lidar_ros2 -- -j16 -l16
[4.464s] DEBUG:colcon.colcon_core.event_handler.log_command:Invoked command in '/home/matthew_a/unilidar_sdk2/unitree_lidar_ros2/build/unitree_lidar_ros2' returned '2': CMAKE_PREFIX_PATH=${CMAKE_PREFIX_PATH}:/opt/ros/rolling:/home/matthew_a/workspace/install/sros2:/home/matthew_a/workspace/install/ros2topic:/home/matthew_a/workspace/install/ros2test:/home/matthew_a/workspace/install/ros2component:/home/matthew_a/workspace/install/ros2param:/home/matthew_a/workspace/install/ros2lifecycle:/home/matthew_a/workspace/install/ros2service:/home/matthew_a/workspace/install/ros2run:/home/matthew_a/workspace/install/ros2launch:/home/matthew_a/workspace/install/ros2pkg:/home/matthew_a/workspace/install/ros2node:/home/matthew_a/workspace/install/ros2multicast:/home/matthew_a/workspace/install/ros2interface:/home/matthew_a/workspace/install/ros2doctor:/home/matthew_a/workspace/install/ros2action:/home/matthew_a/workspace/install/ros2cli:/home/matthew_a/workspace/install/launch_testing_ros:/home/matthew_a/workspace/install/launch_ros:/home/matthew_a/workspace/install/ament_uncrustify:/home/matthew_a/workspace/install/rpyutils:/home/matthew_a/workspace/install/rosidl_runtime_py:/home/matthew_a/workspace/install/rosidl_pycommon:/home/matthew_a/workspace/install/rosidl_cli:/home/matthew_a/workspace/install/launch_testing:/home/matthew_a/workspace/install/launch_yaml:/home/matthew_a/workspace/install/launch_xml:/home/matthew_a/workspace/install/launch:/home/matthew_a/workspace/install/osrf_pycommon:/home/matthew_a/workspace/install/domain_coordinator:/home/matthew_a/workspace/install/ament_xmllint:/home/matthew_a/workspace/install/ament_pycodestyle:/home/matthew_a/workspace/install/ament_pep257:/home/matthew_a/workspace/install/ament_package:/home/matthew_a/workspace/install/ament_mypy:/home/matthew_a/workspace/install/ament_lint_cmake:/home/matthew_a/workspace/install/ament_flake8:/home/matthew_a/workspace/install/ament_copyright:/home/matthew_a/workspace/install/ament_lint:/home/matthew_a/workspace/install/ament_index_python:/home/matthew_a/workspace/install/ament_cpplint:/home/matthew_a/workspace/install/ament_cppcheck DEBUGINFOD_URLS=https://debuginfod.ubuntu.com /usr/bin/cmake --build /home/matthew_a/unilidar_sdk2/unitree_lidar_ros2/build/unitree_lidar_ros2 -- -j16 -l16
[4.465s] Level 1:colcon.colcon_core.environment:create_environment_scripts_only(unitree_lidar_ros2)
[4.470s] Level 1:colcon.colcon_core.environment:checking '/home/matthew_a/unilidar_sdk2/unitree_lidar_ros2/install/unitree_lidar_ros2' for CMake module files
[4.470s] Level 1:colcon.colcon_core.environment:checking '/home/matthew_a/unilidar_sdk2/unitree_lidar_ros2/install/unitree_lidar_ros2' for CMake config files
[4.471s] Level 1:colcon.colcon_core.shell:create_environment_hook('unitree_lidar_ros2', 'cmake_prefix_path')
[4.471s] INFO:colcon.colcon_core.shell:Creating environment hook '/home/matthew_a/unilidar_sdk2/unitree_lidar_ros2/install/unitree_lidar_ros2/share/unitree_lidar_ros2/hook/cmake_prefix_path.ps1'
[4.472s] INFO:colcon.colcon_core.shell:Creating environment descriptor '/home/matthew_a/unilidar_sdk2/unitree_lidar_ros2/install/unitree_lidar_ros2/share/unitree_lidar_ros2/hook/cmake_prefix_path.dsv'
[4.473s] INFO:colcon.colcon_core.shell:Creating environment hook '/home/matthew_a/unilidar_sdk2/unitree_lidar_ros2/install/unitree_lidar_ros2/share/unitree_lidar_ros2/hook/cmake_prefix_path.sh'
[4.474s] Level 1:colcon.colcon_core.environment:checking '/home/matthew_a/unilidar_sdk2/unitree_lidar_ros2/install/unitree_lidar_ros2/lib'
[4.474s] Level 1:colcon.colcon_core.environment:checking '/home/matthew_a/unilidar_sdk2/unitree_lidar_ros2/install/unitree_lidar_ros2/bin'
[4.474s] Level 1:colcon.colcon_core.environment:checking '/home/matthew_a/unilidar_sdk2/unitree_lidar_ros2/install/unitree_lidar_ros2/lib/pkgconfig/unitree_lidar_ros2.pc'
[4.474s] Level 1:colcon.colcon_core.environment:checking '/home/matthew_a/unilidar_sdk2/unitree_lidar_ros2/install/unitree_lidar_ros2/lib/python3.12/site-packages'
[4.475s] Level 1:colcon.colcon_core.environment:checking '/home/matthew_a/unilidar_sdk2/unitree_lidar_ros2/install/unitree_lidar_ros2/bin'
[4.475s] INFO:colcon.colcon_core.shell:Creating package script '/home/matthew_a/unilidar_sdk2/unitree_lidar_ros2/install/unitree_lidar_ros2/share/unitree_lidar_ros2/package.ps1'
[4.476s] INFO:colcon.colcon_core.shell:Creating package descriptor '/home/matthew_a/unilidar_sdk2/unitree_lidar_ros2/install/unitree_lidar_ros2/share/unitree_lidar_ros2/package.dsv'
[4.477s] INFO:colcon.colcon_core.shell:Creating package script '/home/matthew_a/unilidar_sdk2/unitree_lidar_ros2/install/unitree_lidar_ros2/share/unitree_lidar_ros2/package.sh'
[4.478s] INFO:colcon.colcon_core.shell:Creating package script '/home/matthew_a/unilidar_sdk2/unitree_lidar_ros2/install/unitree_lidar_ros2/share/unitree_lidar_ros2/package.bash'
[4.479s] INFO:colcon.colcon_core.shell:Creating package script '/home/matthew_a/unilidar_sdk2/unitree_lidar_ros2/install/unitree_lidar_ros2/share/unitree_lidar_ros2/package.zsh'
[4.480s] Level 1:colcon.colcon_core.environment:create_file_with_runtime_dependencies(/home/matthew_a/unilidar_sdk2/unitree_lidar_ros2/install/unitree_lidar_ros2/share/colcon-core/packages/unitree_lidar_ros2)
[4.490s] DEBUG:colcon.colcon_parallel_executor.executor.parallel:closing loop
[4.490s] DEBUG:colcon.colcon_parallel_executor.executor.parallel:loop closed
[4.491s] DEBUG:colcon.colcon_parallel_executor.executor.parallel:run_until_complete finished with '2'
[4.491s] DEBUG:colcon.colcon_core.event_reactor:joining thread
[4.502s] INFO:colcon.colcon_core.plugin_system:Skipping extension 'colcon_notification.desktop_notification.terminal_notifier': Not used on non-Darwin systems
[4.502s] INFO:colcon.colcon_core.plugin_system:Skipping extension 'colcon_notification.desktop_notification.win32': Not used on non-Windows systems
[4.502s] INFO:colcon.colcon_notification.desktop_notification:Sending desktop notification using 'notify2'
[4.520s] DEBUG:colcon.colcon_core.event_reactor:joined thread
[4.520s] INFO:colcon.colcon_core.shell:Creating prefix script '/home/matthew_a/unilidar_sdk2/unitree_lidar_ros2/install/local_setup.ps1'
[4.521s] INFO:colcon.colcon_core.shell:Creating prefix util module '/home/matthew_a/unilidar_sdk2/unitree_lidar_ros2/install/_local_setup_util_ps1.py'
[4.523s] INFO:colcon.colcon_core.shell:Creating prefix chain script '/home/matthew_a/unilidar_sdk2/unitree_lidar_ros2/install/setup.ps1'
[4.532s] INFO:colcon.colcon_core.shell:Creating prefix script '/home/matthew_a/unilidar_sdk2/unitree_lidar_ros2/install/local_setup.sh'
[4.533s] INFO:colcon.colcon_core.shell:Creating prefix util module '/home/matthew_a/unilidar_sdk2/unitree_lidar_ros2/install/_local_setup_util_sh.py'
[4.534s] INFO:colcon.colcon_core.shell:Creating prefix chain script '/home/matthew_a/unilidar_sdk2/unitree_lidar_ros2/install/setup.sh'
[4.544s] INFO:colcon.colcon_core.shell:Creating prefix script '/home/matthew_a/unilidar_sdk2/unitree_lidar_ros2/install/local_setup.bash'
[4.545s] INFO:colcon.colcon_core.shell:Creating prefix chain script '/home/matthew_a/unilidar_sdk2/unitree_lidar_ros2/install/setup.bash'
[4.554s] INFO:colcon.colcon_core.shell:Creating prefix script '/home/matthew_a/unilidar_sdk2/unitree_lidar_ros2/install/local_setup.zsh'
[4.555s] INFO:colcon.colcon_core.shell:Creating prefix chain script '/home/matthew_a/unilidar_sdk2/unitree_lidar_ros2/install/setup.zsh'
