[0.016s] Invoking command in '/home/matthew_a/unilidar_sdk2/unitree_lidar_ros2/build/unitree_lidar_ros2': DEBUGINFOD_URLS=https://debuginfod.ubuntu.com /usr/bin/cmake --build /home/matthew_a/unilidar_sdk2/unitree_lidar_ros2/build/unitree_lidar_ros2 -- -j16 -l16
[0.143s] [31mCMake Error at CMakeLists.txt:18 (find_package):
[0.143s]   By not providing "Findament_cmake.cmake" in CMAKE_MODULE_PATH this project
[0.143s]   has asked CMake to find a package configuration file provided by
[0.143s]   "ament_cmake", but CMake did not find one.
[0.144s] 
[0.144s]   Could not find a package configuration file provided by "ament_cmake" with
[0.144s]   any of the following names:
[0.144s] 
[0.144s]     ament_cmakeConfig.cmake
[0.144s]     ament_cmake-config.cmake
[0.144s] 
[0.145s]   Add the installation prefix of "ament_cmake" to CMAKE_PREFIX_PATH or set
[0.145s]   "ament_cmake_DIR" to a directory containing one of the above files.  If
[0.145s]   "ament_cmake" provides a separate development package or SDK, be sure it
[0.145s]   has been installed.
[0.145s] 
[0.146s] [0m
[0.146s] -- Configuring incomplete, errors occurred!
[0.151s] gmake: *** [Makefile:267: cmake_check_build_system] Error 1
[0.156s] Invoked command in '/home/matthew_a/unilidar_sdk2/unitree_lidar_ros2/build/unitree_lidar_ros2' returned '2': DEBUGINFOD_URLS=https://debuginfod.ubuntu.com /usr/bin/cmake --build /home/matthew_a/unilidar_sdk2/unitree_lidar_ros2/build/unitree_lidar_ros2 -- -j16 -l16
